<?xml version="1.0" encoding="UTF-8"?>
<!-- Generated by org.testng.reporters.JUnitReportReporter -->
<testsuite hostname="LAPTOP-6IALEGL8" failures="0" tests="3" name="com.vandvsolution.inetbanking.TestCases.HomePageTc001" time="8.600" errors="0" timestamp="2022-05-02T07:41:10 IST" skipped="0">
  <testcase classname="com.vandvsolution.inetbanking.TestCases.HomePageTc001" name="verifyLoginFunctionalityTc001" time="8.124"/>
  <system-out/>
  <testcase classname="com.vandvsolution.inetbanking.TestCases.HomePageTc001" name="navigtedToEditCustomerpage" time="0.257"/>
  <system-out/>
  <testcase classname="com.vandvsolution.inetbanking.TestCases.HomePageTc001" name="verifyLogoutLink" time="0.219"/>
  <system-out/>
</testsuite> <!-- com.vandvsolution.inetbanking.TestCases.HomePageTc001 -->
