<?xml version="1.0" encoding="UTF-8"?>
<!-- Generated by org.testng.reporters.JUnitReportReporter -->
<testsuite hostname="LAPTOP-6IALEGL8" failures="0" tests="1" name="com.vandvsolution.inetbanking.TestCases.DemoTest" time="0.009" errors="0" timestamp="2022-04-22T18:50:14 IST" skipped="0">
  <testcase classname="com.vandvsolution.inetbanking.TestCases.DemoTest" name="test" time="0.009"/>
  <system-out/>
</testsuite> <!-- com.vandvsolution.inetbanking.TestCases.DemoTest -->
